2026-03-19T22:53:12.781Z [INFO]: POST /api/newsposts - {"title":"aaaaaaaaaaaaaaaaaaaaaaaaaaaaaaaaaaaaaaaaaaaaaaaaaaaaaaa","text":"test","genre":"Sport","isPrivate":true}
2026-03-19T22:53:12.784Z [WARN]: Invalid newspost create data. Details: /title must NOT have more than 50 characters
2026-03-19T22:53:56.414Z [ERROR]: SyntaxError: Unexpected token '.', ..."etails": [...]
}" is not valid JSON
    at JSON.parse (<anonymous>)
    at parse (D:\Dan.IT\Back End\Home work\Node JS and Typescript Basic\home_work_6\backEnd\node_modules\body-parser\lib\types\json.js:72:19)
    at D:\Dan.IT\Back End\Home work\Node JS and Typescript Basic\home_work_6\backEnd\node_modules\body-parser\lib\read.js:162:18
    at AsyncResource.runInAsyncScope (node:async_hooks:214:14)
    at invokeCallback (D:\Dan.IT\Back End\Home work\Node JS and Typescript Basic\home_work_6\backEnd\node_modules\raw-body\index.js:238:16)
    at done (D:\Dan.IT\Back End\Home work\Node JS and Typescript Basic\home_work_6\backEnd\node_modules\raw-body\index.js:227:7)
    at IncomingMessage.onEnd (D:\Dan.IT\Back End\Home work\Node JS and Typescript Basic\home_work_6\backEnd\node_modules\raw-body\index.js:287:7)
    at IncomingMessage.emit (node:events:508:28)
    at endReadableNT (node:internal/streams/readable:1701:12)
    at process.processTicksAndRejections (node:internal/process/task_queues:89:21)
2026-03-19T22:54:21.694Z [INFO]: POST /api/newsposts - {"title":"test","text":"test","genre":"Music","isPrivate":true}
2026-03-19T22:54:21.694Z [WARN]: Invalid newspost create data. Details: /genre must be equal to one of the allowed values
2026-03-19T22:56:12.501Z [INFO]: POST /api/newsposts - {"title":"test","text":"test","genre":"Sport","isPrivate":true}
2026-03-23T22:56:13.698Z [INFO]: POST /auth/register - {"email":"bob@yopmail.com","password":"qwe123","confirmPassword":"qwe123"}
2026-03-23T22:56:54.505Z [INFO]: POST /auth/login - {"email":"bob@yopmail.com","password":"qwe123"}
2026-03-23T22:57:22.448Z [INFO]: GET /user - {"email":"bob@yopmail.com","password":"qwe123"}
2026-03-23T22:59:02.020Z [INFO]: POST /auth/register - {"email":"bob@yopmail.com","password":"qwe123","confirmPassword":"qwe123"}
2026-03-23T22:59:02.021Z [WARN]: Invalid register data. Details: user already exists
2026-03-23T23:03:32.179Z [INFO]: POST /auth/register - {"email":"bob@yopmail.com","password":"qwe123"}
2026-03-23T23:03:32.179Z [WARN]: Invalid register data. Details: passwords do not match
2026-03-23T23:03:43.106Z [INFO]: POST /auth/register - {"email":"bob@yopmail.com","password":"qwe123","confirmPassword":"qwe123"}
2026-03-23T23:03:43.106Z [WARN]: Invalid register data. Details: user already exists
2026-03-23T23:06:40.245Z [INFO]: POST /auth/login - {"email":"bob@yopmail.com","password":"qwe123"}
2026-03-23T23:07:19.764Z [INFO]: GET /user - {"token":"Bearer eyJhbGciOiJIUzI1NiIsInR5cCI6IkpXVCJ9.eyJlbWFpbCI6ImJvYkB5b3BtYWlsLmNvbSIsImlhdCI6MTc3NDMwNzIwMCwiZXhwIjoxNzc0OTEyMDAwfQ.c-txaIwODo3wwXGALMVzm2-lhhlvTV-wleiER2fG2HQ"}
2026-03-23T23:08:37.763Z [INFO]: GET /user - {"token":"Bearer eyJhbGciOiJIUzI1NiIsInR5cCI6IkpXVCJ9.eyJlbWFpbCI6ImJvYkB5b3BtYWlsLmNvbSIsImlhdCI6MTc3NDMwNzIwMCwiZXhwIjoxNzc0OTEyMDAwfQ.c-txaIwODo3wwXGALMVzm2-lhhlvTV-wleiER2fG2HQ"}
2026-03-23T23:10:57.395Z [INFO]: GET /user - {"token":"Bearer eyJhbGciOiJIUzI1NiIsInR5cCI6IkpXVCJ9.eyJlbWFpbCI6ImJvYkB5b3BtYWlsLmNvbSIsImlhdCI6MTc3NDMwNzIwMCwiZXhwIjoxNzc0OTEyMDAwfQ.c-txaIwODo3wwXGALMVzm2-lhhlvTV-wleiER2fG2HQ"}
2026-03-23T23:11:52.740Z [INFO]: GET /user - {"token":"Bearer eyJhbGciOiJIUzI1NiIsInR5cCI6IkpXVCJ9.eyJlbWFpbCI6ImJvYkB5b3BtYWlsLmNvbSIsImlhdCI6MTc3NDMwNzIwMCwiZXhwIjoxNzc0OTEyMDAwfQ.c-txaIwODo3wwXGALMVzm2-lhhlvTV-wleiER2fG2HQ"}
